Arguments: 
  C:\Program Files\nodejs\node.exe C:\Users\hayad\AppData\Roaming\npm\node_modules\yarn\bin\yarn.js add packaje.json

PATH: 
  C:\Program Files\Microsoft\jdk-11.0.16.101-hotspot\bin;C:\Program Files (x86)\Common Files\Intel\Shared Libraries\redist\intel64_win\compiler;C:\Program Files\Common Files\Oracle\Java\javapath;C:\WINDOWS\system32;C:\WINDOWS;C:\WINDOWS\System32\Wbem;C:\WINDOWS\System32\WindowsPowerShell\v1.0\;C:\WINDOWS\System32\OpenSSH\;C:\Program Files\Git\cmd;C:\Program Files (x86)\Microsoft Emulator Manager\1.0\;C:\Users\hayad\AppData\Roaming\nvm;C:\Program Files\nodejs;C:\xampp\php;C:\ProgramData\ComposerSetup\bin;C:\Users\hayad\AppData\Local\Programs\Python\Launcher\;C:\Users\hayad\AppData\Local\Microsoft\WindowsApps;C:\Users\hayad\AppData\Roaming\npm;C:\Users\hayad\AppData\Local\Programs\Microsoft VS Code\bin;C:\Users\hayad\AppData\Local\Google\Cloud SDK\google-cloud-sdk\bin;D:\PrgmmData\flutter\bin;C:\Users\hayad\AppData\Roaming\nvm;C:\Program Files\nodejs;C:\Users\hayad\AppData\Roaming\Composer\vendor\bin;C:\SQLite;;C:\Users\hayad\.bun\bin;C:\Users\hayad\AppData\Local\Programs\oh-my-posh\bin

Yarn version: 
  1.22.19

Node version: 
  20.12.2

Platform: 
  win32 x64

Trace: 
  Error: https://registry.yarnpkg.com/packaje.json: Not found
      at params.callback [as _callback] (C:\Users\hayad\AppData\Roaming\npm\node_modules\yarn\lib\cli.js:66145:18)
      at self.callback (C:\Users\hayad\AppData\Roaming\npm\node_modules\yarn\lib\cli.js:140890:22)
      at Request.emit (node:events:518:28)
      at Request.<anonymous> (C:\Users\hayad\AppData\Roaming\npm\node_modules\yarn\lib\cli.js:141862:10)
      at Request.emit (node:events:518:28)
      at IncomingMessage.<anonymous> (C:\Users\hayad\AppData\Roaming\npm\node_modules\yarn\lib\cli.js:141784:12)
      at Object.onceWrapper (node:events:632:28)
      at IncomingMessage.emit (node:events:530:35)
      at endReadableNT (node:internal/streams/readable:1696:12)
      at process.processTicksAndRejections (node:internal/process/task_queues:82:21)

npm manifest: 
  No manifest

yarn manifest: 
  No manifest

Lockfile: 
  No lockfile
